<?xml version="1.0" encoding="UTF-8"?>
<!-- Generated by org.testng.reporters.JUnitXMLReporter -->
<testsuite ignored="0" hostname="LAPTOP-93CIBO5F" failures="0" tests="6" name="EdgeTest" time="139.832" errors="0" timestamp="2025-01-13T16:18:58 IST">
  <testcase classname="actionsteps.Driver" name="TC_001_Run" time="1.281"/>
  <testcase classname="actionsteps.Driver" name="TC_002_Run" time="27.652"/>
  <testcase classname="actionsteps.Driver" name="TC_002_Run" time="17.155"/>
  <testcase classname="actionsteps.Driver" name="TC_003_Run" time="12.357"/>
  <testcase classname="actionsteps.Driver" name="TC_004_Run" time="59.032"/>
  <testcase classname="actionsteps.Driver" name="TC_005_Run" time="5.075"/>
</testsuite> <!-- EdgeTest -->
